#
# There is insufficient memory for the Java Runtime Environment to continue.
# Native memory allocation (malloc) failed to allocate 32744 bytes for ChunkPool::allocate
# Possible reasons:
#   The system is out of physical RAM or swap space
#   The process is running with CompressedOops enabled, and the Java Heap may be blocking the growth of the native heap
# Possible solutions:
#   Reduce memory load on the system
#   Increase physical memory or swap space
#   Check if swap backing store is full
#   Decrease Java heap size (-Xmx/-Xms)
#   Decrease number of Java threads
#   Decrease Java thread stack sizes (-Xss)
#   Set larger code cache with -XX:ReservedCodeCacheSize=
#   JVM is running with Unscaled Compressed Oops mode in which the Java heap is
#     placed in the first 4GB address space. The Java Heap base address is the
#     maximum limit for the native heap growth. Please use -XX:HeapBaseMinAddress
#     to set the Java Heap base and to place the Java Heap above 4GB virtual address.
# This output file may be truncated or incomplete.
#
#  Out of Memory Error (arena.cpp:79), pid=21056, tid=15340
#
# JRE version: Java(TM) SE Runtime Environment (16.0.2+7) (build 16.0.2+7-67)
# Java VM: Java HotSpot(TM) 64-Bit Server VM (16.0.2+7-67, mixed mode, sharing, tiered, compressed oops, compressed class ptrs, g1 gc, windows-amd64)
# No core dump will be written. Minidumps are not enabled by default on client versions of Windows
#

---------------  S U M M A R Y ------------

Command Line: -Dfile.encoding=UTF-8 --module-path=C:\Users\poker\Documents\NetBeansProjects\GrafikaKomputerowaProjekt\build\classes grafikakomputerowaprojekt.GrafikaKomputerowaProjekt

Host: AMD Ryzen 5 3500U with Radeon Vega Mobile Gfx  , 8 cores, 6G,  Windows 10 , 64 bit Build 19041 (10.0.19041.3570)
Time: Mon Oct 23 22:01:08 2023 Central European Daylight Time elapsed time: 291.047294 seconds (0d 0h 4m 51s)

---------------  T H R E A D  ---------------

Current thread (0x0000018f7c87ebc0):  JavaThread "C1 CompilerThread0" daemon [_thread_in_native, id=15340, stack(0x0000004d92900000,0x0000004d92a00000)]


Current CompileTask:
C1: 291047 2900       3       java.awt.image.BufferedImage::<init> (1012 bytes)

Stack: [0x0000004d92900000,0x0000004d92a00000]
Native frames: (J=compiled Java code, j=interpreted, Vv=VM code, C=native code)
V  [jvm.dll+0x6681ca]
V  [jvm.dll+0x7c9e69]
V  [jvm.dll+0x7cb61e]
V  [jvm.dll+0x7cbc73]
V  [jvm.dll+0x242c55]
V  [jvm.dll+0xae10f]
V  [jvm.dll+0xae45c]
V  [jvm.dll+0x17a741]
V  [jvm.dll+0x17d2ae]
V  [jvm.dll+0x17d8d0]
V  [jvm.dll+0x175130]
V  [jvm.dll+0x174617]
V  [jvm.dll+0x17e38b]
V  [jvm.dll+0x175735]
V  [jvm.dll+0x17960f]
V  [jvm.dll+0x1331c3]
V  [jvm.dll+0x132a5f]
V  [jvm.dll+0x132c99]
V  [jvm.dll+0x1320ff]
V  [jvm.dll+0x133ec1]
V  [jvm.dll+0x225158]
V  [jvm.dll+0x22319c]
V  [jvm.dll+0x77fa62]
V  [jvm.dll+0x7795aa]
V  [jvm.dll+0x667066]
C  [ucrtbase.dll+0x21bb2]
C  [KERNEL32.DLL+0x17344]
C  [ntdll.dll+0x526b1]


---------------  P R O C E S S  ---------------

Threads class SMR info:
_java_thread_list=0x0000018f7e67ba50, length=19, elements={
0x0000018f7c866600, 0x0000018f7c8673d0, 0x0000018f7c8764d0, 0x0000018f7c878df0,
0x0000018f7c879700, 0x0000018f7c87a010, 0x0000018f7c87d480, 0x0000018f7c87ebc0,
0x0000018f7c87f510, 0x0000018f7d418f90, 0x0000018f7d4c5bf0, 0x0000018f7d542c00,
0x0000018f7d6aded0, 0x0000018f7d6a63a0, 0x0000018f7e59b3b0, 0x0000018f7e5c0930,
0x0000018f6e1ebc20, 0x0000018f7e55b3d0, 0x0000018f7eaae720
}

Java Threads: ( => current thread )
  0x0000018f7c866600 JavaThread "Reference Handler" daemon [_thread_blocked, id=14764, stack(0x0000004d92200000,0x0000004d92300000)]
  0x0000018f7c8673d0 JavaThread "Finalizer" daemon [_thread_blocked, id=13308, stack(0x0000004d92300000,0x0000004d92400000)]
  0x0000018f7c8764d0 JavaThread "Signal Dispatcher" daemon [_thread_blocked, id=2004, stack(0x0000004d92400000,0x0000004d92500000)]
  0x0000018f7c878df0 JavaThread "Attach Listener" daemon [_thread_blocked, id=15900, stack(0x0000004d92500000,0x0000004d92600000)]
  0x0000018f7c879700 JavaThread "Service Thread" daemon [_thread_blocked, id=18912, stack(0x0000004d92600000,0x0000004d92700000)]
  0x0000018f7c87a010 JavaThread "Monitor Deflation Thread" daemon [_thread_blocked, id=23344, stack(0x0000004d92700000,0x0000004d92800000)]
  0x0000018f7c87d480 JavaThread "C2 CompilerThread0" daemon [_thread_in_native, id=8600, stack(0x0000004d92800000,0x0000004d92900000)]
=>0x0000018f7c87ebc0 JavaThread "C1 CompilerThread0" daemon [_thread_in_native, id=15340, stack(0x0000004d92900000,0x0000004d92a00000)]
  0x0000018f7c87f510 JavaThread "Sweeper thread" daemon [_thread_blocked, id=24264, stack(0x0000004d92a00000,0x0000004d92b00000)]
  0x0000018f7d418f90 JavaThread "Common-Cleaner" daemon [_thread_blocked, id=10952, stack(0x0000004d92b00000,0x0000004d92c00000)]
  0x0000018f7d4c5bf0 JavaThread "Notification Thread" daemon [_thread_blocked, id=22416, stack(0x0000004d92c00000,0x0000004d92d00000)]
  0x0000018f7d542c00 JavaThread "Java2D Disposer" daemon [_thread_blocked, id=21932, stack(0x0000004d92e00000,0x0000004d92f00000)]
  0x0000018f7d6aded0 JavaThread "AWT-Shutdown" [_thread_blocked, id=8440, stack(0x0000004d92f00000,0x0000004d93000000)]
  0x0000018f7d6a63a0 JavaThread "AWT-Windows" daemon [_thread_in_native, id=19044, stack(0x0000004d93000000,0x0000004d93100000)]
  0x0000018f7e59b3b0 JavaThread "AWT-EventQueue-0" [_thread_in_Java, id=9004, stack(0x0000004d93900000,0x0000004d93a00000)]
  0x0000018f7e5c0930 JavaThread "Swing-Shell" daemon [_thread_blocked, id=18868, stack(0x0000004d93b00000,0x0000004d93c00000)]
  0x0000018f6e1ebc20 JavaThread "DestroyJavaVM" [_thread_blocked, id=3032, stack(0x0000004d91b00000,0x0000004d91c00000)]
  0x0000018f7e55b3d0 JavaThread "D3D Screen Updater" daemon [_thread_blocked, id=16580, stack(0x0000004d93e00000,0x0000004d93f00000)]
  0x0000018f7eaae720 JavaThread "TimerQueue" daemon [_thread_blocked, id=12056, stack(0x0000004d93f00000,0x0000004d94000000)]

Other Threads:
  0x0000018f7c860690 VMThread "VM Thread" [stack: 0x0000004d92100000,0x0000004d92200000] [id=5284]
  0x0000018f7d4c6520 WatcherThread [stack: 0x0000004d92d00000,0x0000004d92e00000] [id=13064]
  0x0000018f6e228b60 GCTaskThread "GC Thread#0" [stack: 0x0000004d91c00000,0x0000004d91d00000] [id=17952]
  0x0000018f7ebdebc0 GCTaskThread "GC Thread#1" [stack: 0x0000004d94100000,0x0000004d94200000] [id=5108]
  0x0000018f168c6330 GCTaskThread "GC Thread#2" [stack: 0x0000004d94200000,0x0000004d94300000] [id=10620]
  0x0000018f168c6640 GCTaskThread "GC Thread#3" [stack: 0x0000004d94300000,0x0000004d94400000] [id=23648]
  0x0000018f168e1f90 GCTaskThread "GC Thread#4" [stack: 0x0000004d94400000,0x0000004d94500000] [id=14444]
  0x0000018f168e22a0 GCTaskThread "GC Thread#5" [stack: 0x0000004d94500000,0x0000004d94600000] [id=15852]
  0x0000018f168e25b0 GCTaskThread "GC Thread#6" [stack: 0x0000004d94600000,0x0000004d94700000] [id=10036]
  0x0000018f168e28c0 GCTaskThread "GC Thread#7" [stack: 0x0000004d94700000,0x0000004d94800000] [id=15736]
  0x0000018f6e2378b0 ConcurrentGCThread "G1 Main Marker" [stack: 0x0000004d91d00000,0x0000004d91e00000] [id=19316]
  0x0000018f6e238230 ConcurrentGCThread "G1 Conc#0" [stack: 0x0000004d91e00000,0x0000004d91f00000] [id=25440]
  0x0000018f6e2b5940 ConcurrentGCThread "G1 Refine#0" [stack: 0x0000004d91f00000,0x0000004d92000000] [id=4988]
  0x0000018f6e2b62d0 ConcurrentGCThread "G1 Service" [stack: 0x0000004d92000000,0x0000004d92100000] [id=932]

Threads with active compile tasks:
C2 CompilerThread0   291105 2904       4       sun.java2d.pipe.RenderQueue::ensureCapacityAndAlignment (13 bytes)
C1 CompilerThread0   291105 2900       3       java.awt.image.BufferedImage::<init> (1012 bytes)

VM state: not at safepoint (normal execution)

VM Mutex/Monitor currently owned by a thread: None

Heap address: 0x0000000091000000, size: 1776 MB, Compressed Oops mode: 32-bit

CDS archive(s) mapped at: [0x0000000800000000-0x0000000800bb0000-0x0000000800bb0000), size 12255232, SharedBaseAddress: 0x0000000800000000, ArchiveRelocationMode: 0.
Compressed class space mapped at: 0x0000000800c00000-0x0000000840c00000, reserved size: 1073741824
Narrow klass base: 0x0000000800000000, Narrow klass shift: 3, Narrow klass range: 0x100000000

GC Precious Log:
 CPUs: 8 total, 8 available
 Memory: 7103M
 Large Page Support: Disabled
 NUMA Support: Disabled
 Compressed Oops: Enabled (32-bit)
 Heap Region Size: 1M
 Heap Min Capacity: 8M
 Heap Initial Capacity: 112M
 Heap Max Capacity: 1776M
 Pre-touch: Disabled
 Parallel Workers: 8
 Concurrent Workers: 2
 Concurrent Refinement Workers: 8
 Periodic GC: Disabled

Heap:
 garbage-first heap   total 114688K, used 36037K [0x0000000091000000, 0x0000000100000000)
  region size 1024K, 32 young (32768K), 3 survivors (3072K)
 Metaspace       used 13227K, committed 13440K, reserved 1064960K
  class space    used 1461K, committed 1536K, reserved 1048576K

Heap Regions: E=young(eden), S=young(survivor), O=old, HS=humongous(starts), HC=humongous(continues), CS=collection set, F=free, OA=open archive, CA=closed archive, TAMS=top-at-mark-start (previous, next)
|   0|0x0000000091000000, 0x0000000091100000, 0x0000000091100000|100%|HS|  |TAMS 0x0000000091000000, 0x0000000091000000| Complete 
|   1|0x0000000091100000, 0x0000000091200000, 0x0000000091200000|100%|HC|  |TAMS 0x0000000091100000, 0x0000000091100000| Complete 
|   2|0x0000000091200000, 0x0000000091300000, 0x0000000091300000|100%|HS|  |TAMS 0x0000000091200000, 0x0000000091200000| Complete 
|   3|0x0000000091300000, 0x0000000091400000, 0x0000000091400000|100%|HC|  |TAMS 0x0000000091300000, 0x0000000091300000| Complete 
|   4|0x0000000091400000, 0x0000000091500000, 0x0000000091500000|100%|HC|  |TAMS 0x0000000091400000, 0x0000000091400000| Complete 
|   5|0x0000000091500000, 0x0000000091500000, 0x0000000091600000|  0%| F|  |TAMS 0x0000000091500000, 0x0000000091500000| Untracked 
|   6|0x0000000091600000, 0x0000000091600000, 0x0000000091700000|  0%| F|  |TAMS 0x0000000091600000, 0x0000000091600000| Untracked 
|   7|0x0000000091700000, 0x0000000091700000, 0x0000000091800000|  0%| F|  |TAMS 0x0000000091700000, 0x0000000091700000| Untracked 
|   8|0x0000000091800000, 0x0000000091800000, 0x0000000091900000|  0%| F|  |TAMS 0x0000000091800000, 0x0000000091800000| Untracked 
|   9|0x0000000091900000, 0x0000000091900000, 0x0000000091a00000|  0%| F|  |TAMS 0x0000000091900000, 0x0000000091900000| Untracked 
|  10|0x0000000091a00000, 0x0000000091a00000, 0x0000000091b00000|  0%| F|  |TAMS 0x0000000091a00000, 0x0000000091a00000| Untracked 
|  11|0x0000000091b00000, 0x0000000091b00000, 0x0000000091c00000|  0%| F|  |TAMS 0x0000000091b00000, 0x0000000091b00000| Untracked 
|  12|0x0000000091c00000, 0x0000000091c00000, 0x0000000091d00000|  0%| F|  |TAMS 0x0000000091c00000, 0x0000000091c00000| Untracked 
|  13|0x0000000091d00000, 0x0000000091d00000, 0x0000000091e00000|  0%| F|  |TAMS 0x0000000091d00000, 0x0000000091d00000| Untracked 
|  14|0x0000000091e00000, 0x0000000091e00000, 0x0000000091f00000|  0%| F|  |TAMS 0x0000000091e00000, 0x0000000091e00000| Untracked 
|  15|0x0000000091f00000, 0x0000000091f00000, 0x0000000092000000|  0%| F|  |TAMS 0x0000000091f00000, 0x0000000091f00000| Untracked 
|  16|0x0000000092000000, 0x0000000092000000, 0x0000000092100000|  0%| F|  |TAMS 0x0000000092000000, 0x0000000092000000| Untracked 
|  17|0x0000000092100000, 0x0000000092100000, 0x0000000092200000|  0%| F|  |TAMS 0x0000000092100000, 0x0000000092100000| Untracked 
|  18|0x0000000092200000, 0x0000000092200000, 0x0000000092300000|  0%| F|  |TAMS 0x0000000092200000, 0x0000000092200000| Untracked 
|  19|0x0000000092300000, 0x0000000092300000, 0x0000000092400000|  0%| F|  |TAMS 0x0000000092300000, 0x0000000092300000| Untracked 
|  20|0x0000000092400000, 0x0000000092400000, 0x0000000092500000|  0%| F|  |TAMS 0x0000000092400000, 0x0000000092400000| Untracked 
|  21|0x0000000092500000, 0x0000000092500000, 0x0000000092600000|  0%| F|  |TAMS 0x0000000092500000, 0x0000000092500000| Untracked 
|  22|0x0000000092600000, 0x0000000092600000, 0x0000000092700000|  0%| F|  |TAMS 0x0000000092600000, 0x0000000092600000| Untracked 
|  23|0x0000000092700000, 0x0000000092700000, 0x0000000092800000|  0%| F|  |TAMS 0x0000000092700000, 0x0000000092700000| Untracked 
|  24|0x0000000092800000, 0x0000000092800000, 0x0000000092900000|  0%| F|  |TAMS 0x0000000092800000, 0x0000000092800000| Untracked 
|  25|0x0000000092900000, 0x0000000092900000, 0x0000000092a00000|  0%| F|  |TAMS 0x0000000092900000, 0x0000000092900000| Untracked 
|  26|0x0000000092a00000, 0x0000000092a00000, 0x0000000092b00000|  0%| F|  |TAMS 0x0000000092a00000, 0x0000000092a00000| Untracked 
|  27|0x0000000092b00000, 0x0000000092b00000, 0x0000000092c00000|  0%| F|  |TAMS 0x0000000092b00000, 0x0000000092b00000| Untracked 
|  28|0x0000000092c00000, 0x0000000092c00000, 0x0000000092d00000|  0%| F|  |TAMS 0x0000000092c00000, 0x0000000092c00000| Untracked 
|  29|0x0000000092d00000, 0x0000000092d00000, 0x0000000092e00000|  0%| F|  |TAMS 0x0000000092d00000, 0x0000000092d00000| Untracked 
|  30|0x0000000092e00000, 0x0000000092e00000, 0x0000000092f00000|  0%| F|  |TAMS 0x0000000092e00000, 0x0000000092e00000| Untracked 
|  31|0x0000000092f00000, 0x0000000092f00000, 0x0000000093000000|  0%| F|  |TAMS 0x0000000092f00000, 0x0000000092f00000| Untracked 
|  32|0x0000000093000000, 0x0000000093000000, 0x0000000093100000|  0%| F|  |TAMS 0x0000000093000000, 0x0000000093000000| Untracked 
|  33|0x0000000093100000, 0x0000000093100000, 0x0000000093200000|  0%| F|  |TAMS 0x0000000093100000, 0x0000000093100000| Untracked 
|  34|0x0000000093200000, 0x0000000093200000, 0x0000000093300000|  0%| F|  |TAMS 0x0000000093200000, 0x0000000093200000| Untracked 
|  35|0x0000000093300000, 0x0000000093300000, 0x0000000093400000|  0%| F|  |TAMS 0x0000000093300000, 0x0000000093300000| Untracked 
|  36|0x0000000093400000, 0x0000000093400000, 0x0000000093500000|  0%| F|  |TAMS 0x0000000093400000, 0x0000000093400000| Untracked 
|  37|0x0000000093500000, 0x0000000093500000, 0x0000000093600000|  0%| F|  |TAMS 0x0000000093500000, 0x0000000093500000| Untracked 
|  38|0x0000000093600000, 0x0000000093600000, 0x0000000093700000|  0%| F|  |TAMS 0x0000000093600000, 0x0000000093600000| Untracked 
|  39|0x0000000093700000, 0x0000000093700000, 0x0000000093800000|  0%| F|  |TAMS 0x0000000093700000, 0x0000000093700000| Untracked 
|  40|0x0000000093800000, 0x0000000093800000, 0x0000000093900000|  0%| F|  |TAMS 0x0000000093800000, 0x0000000093800000| Untracked 
|  41|0x0000000093900000, 0x0000000093900000, 0x0000000093a00000|  0%| F|  |TAMS 0x0000000093900000, 0x0000000093900000| Untracked 
|  42|0x0000000093a00000, 0x0000000093a00000, 0x0000000093b00000|  0%| F|  |TAMS 0x0000000093a00000, 0x0000000093a00000| Untracked 
|  43|0x0000000093b00000, 0x0000000093b00000, 0x0000000093c00000|  0%| F|  |TAMS 0x0000000093b00000, 0x0000000093b00000| Untracked 
|  44|0x0000000093c00000, 0x0000000093c00000, 0x0000000093d00000|  0%| F|  |TAMS 0x0000000093c00000, 0x0000000093c00000| Untracked 
|  45|0x0000000093d00000, 0x0000000093d00000, 0x0000000093e00000|  0%| F|  |TAMS 0x0000000093d00000, 0x0000000093d00000| Untracked 
|  46|0x0000000093e00000, 0x0000000093e00000, 0x0000000093f00000|  0%| F|  |TAMS 0x0000000093e00000, 0x0000000093e00000| Untracked 
|  47|0x0000000093f00000, 0x0000000093f00000, 0x0000000094000000|  0%| F|  |TAMS 0x0000000093f00000, 0x0000000093f00000| Untracked 
|  48|0x0000000094000000, 0x0000000094000000, 0x0000000094100000|  0%| F|  |TAMS 0x0000000094000000, 0x0000000094000000| Untracked 
|  49|0x0000000094100000, 0x0000000094100000, 0x0000000094200000|  0%| F|  |TAMS 0x0000000094100000, 0x0000000094100000| Untracked 
|  50|0x0000000094200000, 0x0000000094200000, 0x0000000094300000|  0%| F|  |TAMS 0x0000000094200000, 0x0000000094200000| Untracked 
|  51|0x0000000094300000, 0x0000000094300000, 0x0000000094400000|  0%| F|  |TAMS 0x0000000094300000, 0x0000000094300000| Untracked 
|  52|0x0000000094400000, 0x0000000094400000, 0x0000000094500000|  0%| F|  |TAMS 0x0000000094400000, 0x0000000094400000| Untracked 
|  53|0x0000000094500000, 0x0000000094500000, 0x0000000094600000|  0%| F|  |TAMS 0x0000000094500000, 0x0000000094500000| Untracked 
|  54|0x0000000094600000, 0x0000000094600000, 0x0000000094700000|  0%| F|  |TAMS 0x0000000094600000, 0x0000000094600000| Untracked 
|  55|0x0000000094700000, 0x0000000094700000, 0x0000000094800000|  0%| F|  |TAMS 0x0000000094700000, 0x0000000094700000| Untracked 
|  56|0x0000000094800000, 0x0000000094800000, 0x0000000094900000|  0%| F|  |TAMS 0x0000000094800000, 0x0000000094800000| Untracked 
|  57|0x0000000094900000, 0x0000000094900000, 0x0000000094a00000|  0%| F|  |TAMS 0x0000000094900000, 0x0000000094900000| Untracked 
|  58|0x0000000094a00000, 0x0000000094a00000, 0x0000000094b00000|  0%| F|  |TAMS 0x0000000094a00000, 0x0000000094a00000| Untracked 
|  59|0x0000000094b00000, 0x0000000094b00000, 0x0000000094c00000|  0%| F|  |TAMS 0x0000000094b00000, 0x0000000094b00000| Untracked 
|  60|0x0000000094c00000, 0x0000000094c00000, 0x0000000094d00000|  0%| F|  |TAMS 0x0000000094c00000, 0x0000000094c00000| Untracked 
|  61|0x0000000094d00000, 0x0000000094d00000, 0x0000000094e00000|  0%| F|  |TAMS 0x0000000094d00000, 0x0000000094d00000| Untracked 
|  62|0x0000000094e00000, 0x0000000094e00000, 0x0000000094f00000|  0%| F|  |TAMS 0x0000000094e00000, 0x0000000094e00000| Untracked 
|  63|0x0000000094f00000, 0x0000000094f00000, 0x0000000095000000|  0%| F|  |TAMS 0x0000000094f00000, 0x0000000094f00000| Untracked 
|  64|0x0000000095000000, 0x0000000095000000, 0x0000000095100000|  0%| F|  |TAMS 0x0000000095000000, 0x0000000095000000| Untracked 
|  65|0x0000000095100000, 0x0000000095100000, 0x0000000095200000|  0%| F|  |TAMS 0x0000000095100000, 0x0000000095100000| Untracked 
|  66|0x0000000095200000, 0x0000000095200000, 0x0000000095300000|  0%| F|  |TAMS 0x0000000095200000, 0x0000000095200000| Untracked 
|  67|0x0000000095300000, 0x0000000095300000, 0x0000000095400000|  0%| F|  |TAMS 0x0000000095300000, 0x0000000095300000| Untracked 
|  68|0x0000000095400000, 0x0000000095400000, 0x0000000095500000|  0%| F|  |TAMS 0x0000000095400000, 0x0000000095400000| Untracked 
|  69|0x0000000095500000, 0x0000000095500000, 0x0000000095600000|  0%| F|  |TAMS 0x0000000095500000, 0x0000000095500000| Untracked 
|  70|0x0000000095600000, 0x0000000095600000, 0x0000000095700000|  0%| F|  |TAMS 0x0000000095600000, 0x0000000095600000| Untracked 
|  71|0x0000000095700000, 0x0000000095700000, 0x0000000095800000|  0%| F|  |TAMS 0x0000000095700000, 0x0000000095700000| Untracked 
|  72|0x0000000095800000, 0x0000000095800000, 0x0000000095900000|  0%| F|  |TAMS 0x0000000095800000, 0x0000000095800000| Untracked 
|  73|0x0000000095900000, 0x0000000095900000, 0x0000000095a00000|  0%| F|  |TAMS 0x0000000095900000, 0x0000000095900000| Untracked 
|  74|0x0000000095a00000, 0x0000000095a00000, 0x0000000095b00000|  0%| F|  |TAMS 0x0000000095a00000, 0x0000000095a00000| Untracked 
|  75|0x0000000095b00000, 0x0000000095b00000, 0x0000000095c00000|  0%| F|  |TAMS 0x0000000095b00000, 0x0000000095b00000| Untracked 
|  76|0x0000000095c00000, 0x0000000095c00000, 0x0000000095d00000|  0%| F|  |TAMS 0x0000000095c00000, 0x0000000095c00000| Untracked 
|  77|0x0000000095d00000, 0x0000000095d00000, 0x0000000095e00000|  0%| F|  |TAMS 0x0000000095d00000, 0x0000000095d00000| Untracked 
|  78|0x0000000095e00000, 0x0000000095e00000, 0x0000000095f00000|  0%| F|  |TAMS 0x0000000095e00000, 0x0000000095e00000| Untracked 
|  79|0x0000000095f00000, 0x0000000095f00000, 0x0000000096000000|  0%| F|  |TAMS 0x0000000095f00000, 0x0000000095f00000| Untracked 
|  80|0x0000000096000000, 0x0000000096064138, 0x0000000096100000| 39%| E|  |TAMS 0x0000000096000000, 0x0000000096000000| Complete 
|  81|0x0000000096100000, 0x0000000096200000, 0x0000000096200000|100%| E|CS|TAMS 0x0000000096100000, 0x0000000096100000| Complete 
|  82|0x0000000096200000, 0x0000000096300000, 0x0000000096300000|100%| E|CS|TAMS 0x0000000096200000, 0x0000000096200000| Complete 
|  83|0x0000000096300000, 0x0000000096400000, 0x0000000096400000|100%| E|CS|TAMS 0x0000000096300000, 0x0000000096300000| Complete 
|  84|0x0000000096400000, 0x0000000096500000, 0x0000000096500000|100%| E|CS|TAMS 0x0000000096400000, 0x0000000096400000| Complete 
|  85|0x0000000096500000, 0x0000000096600000, 0x0000000096600000|100%| E|CS|TAMS 0x0000000096500000, 0x0000000096500000| Complete 
|  86|0x0000000096600000, 0x00000000966314d0, 0x0000000096700000| 19%| S|CS|TAMS 0x0000000096600000, 0x0000000096600000| Complete 
|  87|0x0000000096700000, 0x0000000096800000, 0x0000000096800000|100%| S|CS|TAMS 0x0000000096700000, 0x0000000096700000| Complete 
|  88|0x0000000096800000, 0x0000000096900000, 0x0000000096900000|100%| S|CS|TAMS 0x0000000096800000, 0x0000000096800000| Complete 
|  89|0x0000000096900000, 0x0000000096a00000, 0x0000000096a00000|100%| E|CS|TAMS 0x0000000096900000, 0x0000000096900000| Complete 
|  90|0x0000000096a00000, 0x0000000096b00000, 0x0000000096b00000|100%| E|CS|TAMS 0x0000000096a00000, 0x0000000096a00000| Complete 
|  91|0x0000000096b00000, 0x0000000096c00000, 0x0000000096c00000|100%| E|CS|TAMS 0x0000000096b00000, 0x0000000096b00000| Complete 
|  92|0x0000000096c00000, 0x0000000096d00000, 0x0000000096d00000|100%| E|CS|TAMS 0x0000000096c00000, 0x0000000096c00000| Complete 
|  93|0x0000000096d00000, 0x0000000096e00000, 0x0000000096e00000|100%| E|CS|TAMS 0x0000000096d00000, 0x0000000096d00000| Complete 
|  94|0x0000000096e00000, 0x0000000096f00000, 0x0000000096f00000|100%| E|CS|TAMS 0x0000000096e00000, 0x0000000096e00000| Complete 
|  95|0x0000000096f00000, 0x0000000097000000, 0x0000000097000000|100%| E|CS|TAMS 0x0000000096f00000, 0x0000000096f00000| Complete 
|  96|0x0000000097000000, 0x0000000097100000, 0x0000000097100000|100%| E|CS|TAMS 0x0000000097000000, 0x0000000097000000| Complete 
|  97|0x0000000097100000, 0x0000000097200000, 0x0000000097200000|100%| E|CS|TAMS 0x0000000097100000, 0x0000000097100000| Complete 
|  98|0x0000000097200000, 0x0000000097300000, 0x0000000097300000|100%| E|CS|TAMS 0x0000000097200000, 0x0000000097200000| Complete 
|  99|0x0000000097300000, 0x0000000097400000, 0x0000000097400000|100%| E|CS|TAMS 0x0000000097300000, 0x0000000097300000| Complete 
| 100|0x0000000097400000, 0x0000000097500000, 0x0000000097500000|100%| E|CS|TAMS 0x0000000097400000, 0x0000000097400000| Complete 
| 101|0x0000000097500000, 0x0000000097600000, 0x0000000097600000|100%| E|CS|TAMS 0x0000000097500000, 0x0000000097500000| Complete 
| 102|0x0000000097600000, 0x0000000097700000, 0x0000000097700000|100%| E|CS|TAMS 0x0000000097600000, 0x0000000097600000| Complete 
| 103|0x0000000097700000, 0x0000000097800000, 0x0000000097800000|100%| E|CS|TAMS 0x0000000097700000, 0x0000000097700000| Complete 
| 104|0x0000000097800000, 0x0000000097900000, 0x0000000097900000|100%| E|CS|TAMS 0x0000000097800000, 0x0000000097800000| Complete 
| 105|0x0000000097900000, 0x0000000097a00000, 0x0000000097a00000|100%| E|CS|TAMS 0x0000000097900000, 0x0000000097900000| Complete 
| 106|0x0000000097a00000, 0x0000000097b00000, 0x0000000097b00000|100%| E|CS|TAMS 0x0000000097a00000, 0x0000000097a00000| Complete 
| 107|0x0000000097b00000, 0x0000000097c00000, 0x0000000097c00000|100%| E|CS|TAMS 0x0000000097b00000, 0x0000000097b00000| Complete 
| 108|0x0000000097c00000, 0x0000000097d00000, 0x0000000097d00000|100%| E|CS|TAMS 0x0000000097c00000, 0x0000000097c00000| Complete 
| 109|0x0000000097d00000, 0x0000000097e00000, 0x0000000097e00000|100%| E|CS|TAMS 0x0000000097d00000, 0x0000000097d00000| Complete 
| 110|0x0000000097e00000, 0x0000000097f00000, 0x0000000097f00000|100%| E|CS|TAMS 0x0000000097e00000, 0x0000000097e00000| Complete 
| 111|0x0000000097f00000, 0x0000000098000000, 0x0000000098000000|100%| E|CS|TAMS 0x0000000097f00000, 0x0000000097f00000| Complete 

Card table byte_map: [0x0000018f76020000,0x0000018f763a0000] _byte_map_base: 0x0000018f75b98000

Marking Bits (Prev, Next): (CMBitMap*) 0x0000018f6e2290e0, (CMBitMap*) 0x0000018f6e229120
 Prev Bits: [0x0000018f76720000, 0x0000018f782e0000)
 Next Bits: [0x0000018f782e0000, 0x0000018f79ea0000)

Polling page: 0x0000018f6d9d0000

Metaspace:

Usage:
  Non-class:     11.49 MB used.
      Class:      1.43 MB used.
       Both:     12.92 MB used.

Virtual space:
  Non-class space:       16.00 MB reserved,      11.62 MB ( 73%) committed,  2 nodes.
      Class space:        1.00 GB reserved,       1.50 MB ( <1%) committed,  1 nodes.
              Both:        1.02 GB reserved,      13.12 MB (  1%) committed. 

Chunk freelists:
   Non-Class:  3.98 MB
       Class:  2.51 MB
        Both:  6.49 MB

MaxMetaspaceSize: 17179869184.00 GB
CompressedClassSpaceSize: 1.00 GB
 - commit_granule_bytes: 65536.
 - commit_granule_words: 8192.
 - virtual_space_node_default_size: 1048576.
 - enlarge_chunks_in_place: 1.
 - new_chunks_are_fully_committed: 0.
 - uncommit_free_chunks: 1.
 - use_allocation_guard: 0.
 - handle_deallocations: 1.


Internal statistics:

num_allocs_failed_limit: 0.
num_arena_births: 150.
num_arena_deaths: 0.
num_vsnodes_births: 3.
num_vsnodes_deaths: 0.
num_space_committed: 210.
num_space_uncommitted: 0.
num_chunks_returned_to_freelist: 0.
num_chunks_taken_from_freelist: 210.
num_chunk_merges: 0.
num_chunk_splits: 122.
num_chunks_enlarged: 55.
num_purges: 0.

CodeHeap 'non-profiled nmethods': size=120000Kb used=1320Kb max_used=1320Kb free=118679Kb
 bounds [0x0000018f07ad0000, 0x0000018f07d40000, 0x0000018f0f000000]
CodeHeap 'profiled nmethods': size=120000Kb used=5525Kb max_used=5525Kb free=114474Kb
 bounds [0x0000018f005a0000, 0x0000018f00b10000, 0x0000018f07ad0000]
CodeHeap 'non-nmethods': size=5760Kb used=1327Kb max_used=1368Kb free=4432Kb
 bounds [0x0000018f00000000, 0x0000018f00270000, 0x0000018f005a0000]
 total_blobs=3550 nmethods=2898 adapters=564
 compilation: enabled
              stopped_count=0, restarted_count=0
 full_count=0

Compilation events (20 events):
Event: 290.842 Thread 0x0000018f7c87d480 nmethod 2890 0x0000018f07c19990 code [0x0000018f07c19b20, 0x0000018f07c19ff8]
Event: 290.980 Thread 0x0000018f7c87ebc0 2891       3       java.util.WeakHashMap$HashIterator::hasNext (95 bytes)
Event: 290.981 Thread 0x0000018f7c87ebc0 nmethod 2891 0x0000018f00b00710 code [0x0000018f00b008e0, 0x0000018f00b00e78]
Event: 290.981 Thread 0x0000018f7c87ebc0 2892       3       java.util.WeakHashMap$KeyIterator::next (8 bytes)
Event: 290.982 Thread 0x0000018f7c87ebc0 nmethod 2892 0x0000018f00b01010 code [0x0000018f00b011e0, 0x0000018f00b01588]
Event: 290.982 Thread 0x0000018f7c87ebc0 2893       3       java.util.WeakHashMap$HashIterator::nextEntry (81 bytes)
Event: 290.982 Thread 0x0000018f7c87ebc0 nmethod 2893 0x0000018f00b01690 code [0x0000018f00b01880, 0x0000018f00b01d48]
Event: 290.982 Thread 0x0000018f7c87ebc0 2894       3       java.util.WeakHashMap$Entry::getKey (8 bytes)
Event: 290.983 Thread 0x0000018f7c87ebc0 nmethod 2894 0x0000018f00b01e90 code [0x0000018f00b02040, 0x0000018f00b022d8]
Event: 290.983 Thread 0x0000018f7c87ebc0 2895       3       java.util.WeakHashMap::unmaskNull (13 bytes)
Event: 290.983 Thread 0x0000018f7c87ebc0 nmethod 2895 0x0000018f00b02390 code [0x0000018f00b02520, 0x0000018f00b02678]
Event: 291.005 Thread 0x0000018f7c87ebc0 2896       3       java.awt.image.Raster::createPackedRaster (181 bytes)
Event: 291.006 Thread 0x0000018f7c87ebc0 nmethod 2896 0x0000018f00b02710 code [0x0000018f00b02a00, 0x0000018f00b03df8]
Event: 291.006 Thread 0x0000018f7c87ebc0 2897       3       sun.awt.image.IntegerInterleavedRaster::<init> (32 bytes)
Event: 291.007 Thread 0x0000018f7c87ebc0 nmethod 2897 0x0000018f00b04310 code [0x0000018f00b044e0, 0x0000018f00b04888]
Event: 291.012 Thread 0x0000018f7c87ebc0 2898  s    3       sun.awt.Win32GraphicsConfig::getColorModel (8 bytes)
Event: 291.013 Thread 0x0000018f7c87ebc0 nmethod 2898 0x0000018f00b04a90 code [0x0000018f00b04c40, 0x0000018f00b04fe8]
Event: 291.013 Thread 0x0000018f7c87ebc0 2899       3       sun.awt.Win32GraphicsDevice::getColorModel (25 bytes)
Event: 291.013 Thread 0x0000018f7c87ebc0 nmethod 2899 0x0000018f00b05110 code [0x0000018f00b052c0, 0x0000018f00b054a8]
Event: 291.039 Thread 0x0000018f7c87ebc0 2900       3       java.awt.image.BufferedImage::<init> (1012 bytes)

GC Heap History (2 events):
Event: 4.237 GC heap before
{Heap before GC invocations=0 (full 0):
 garbage-first heap   total 114688K, used 25600K [0x0000000091000000, 0x0000000100000000)
  region size 1024K, 23 young (23552K), 0 survivors (0K)
 Metaspace       used 11881K, committed 12096K, reserved 1064960K
  class space    used 1390K, committed 1536K, reserved 1048576K
}
Event: 4.244 GC heap after
{Heap after GC invocations=1 (full 0):
 garbage-first heap   total 114688K, used 4293K [0x0000000091000000, 0x0000000100000000)
  region size 1024K, 3 young (3072K), 3 survivors (3072K)
 Metaspace       used 11881K, committed 12096K, reserved 1064960K
  class space    used 1390K, committed 1536K, reserved 1048576K
}

Deoptimization events (20 events):
Event: 13.473 Thread 0x0000018f7e59b3b0 DEOPT PACKING pc=0x0000018f07b289e8 sp=0x0000004d939fcbe0
Event: 13.473 Thread 0x0000018f7e59b3b0 DEOPT UNPACKING pc=0x0000018f0004d72e sp=0x0000004d939fcb68 mode 2
Event: 38.008 Thread 0x0000018f7e59b3b0 Uncommon trap: trap_request=0xffffff45 fr.pc=0x0000018f07b44aac relative=0x0000000000000ccc
Event: 38.008 Thread 0x0000018f7e59b3b0 Uncommon trap: reason=unstable_if action=reinterpret pc=0x0000018f07b44aac method=java.awt.Container.getMouseEventTargetImpl(IIZLjava/awt/Container$EventTargetFilter;ZZ)Ljava/awt/Component; @ 218 c2
Event: 38.008 Thread 0x0000018f7e59b3b0 DEOPT PACKING pc=0x0000018f07b44aac sp=0x0000004d939fe410
Event: 38.008 Thread 0x0000018f7e59b3b0 DEOPT UNPACKING pc=0x0000018f0004d72e sp=0x0000004d939fe318 mode 2
Event: 39.007 Thread 0x0000018f7e59b3b0 DEOPT PACKING pc=0x0000018f008ba529 sp=0x0000004d939fe930
Event: 39.007 Thread 0x0000018f7e59b3b0 DEOPT UNPACKING pc=0x0000018f0004dece sp=0x0000004d939fddc0 mode 0
Event: 125.504 Thread 0x0000018f7e59b3b0 Uncommon trap: trap_request=0xffffff45 fr.pc=0x0000018f07bba7c4 relative=0x0000000000000f64
Event: 125.504 Thread 0x0000018f7e59b3b0 Uncommon trap: reason=unstable_if action=reinterpret pc=0x0000018f07bba7c4 method=java.awt.Container$MouseEventTargetFilter.accept(Ljava/awt/Component;)Z @ 57 c2
Event: 125.504 Thread 0x0000018f7e59b3b0 DEOPT PACKING pc=0x0000018f07bba7c4 sp=0x0000004d939fd7c0
Event: 125.504 Thread 0x0000018f7e59b3b0 DEOPT UNPACKING pc=0x0000018f0004d72e sp=0x0000004d939fd500 mode 2
Event: 138.610 Thread 0x0000018f7e55b3d0 Uncommon trap: trap_request=0xffffffcc fr.pc=0x0000018f07c0e5d8 relative=0x0000000000000338
Event: 138.610 Thread 0x0000018f7e55b3d0 Uncommon trap: reason=intrinsic_or_type_checked_inlining action=make_not_entrant pc=0x0000018f07c0e5d8 method=java.util.Arrays.copyOf([Ljava/lang/Object;ILjava/lang/Class;)[Ljava/lang/Object; @ 35 c2
Event: 138.610 Thread 0x0000018f7e55b3d0 DEOPT PACKING pc=0x0000018f07c0e5d8 sp=0x0000004d93efee00
Event: 138.610 Thread 0x0000018f7e55b3d0 DEOPT UNPACKING pc=0x0000018f0004d72e sp=0x0000004d93efed90 mode 2
Event: 290.946 Thread 0x0000018f7e55b3d0 Uncommon trap: trap_request=0xffffffdc fr.pc=0x0000018f07c19cc4 relative=0x00000000000001a4
Event: 290.946 Thread 0x0000018f7e55b3d0 Uncommon trap: reason=class_check action=make_not_entrant pc=0x0000018f07c19cc4 method=java.util.ArrayList.toArray([Ljava/lang/Object;)[Ljava/lang/Object; @ 21 c2
Event: 290.946 Thread 0x0000018f7e55b3d0 DEOPT PACKING pc=0x0000018f07c19cc4 sp=0x0000004d93efee60
Event: 290.946 Thread 0x0000018f7e55b3d0 DEOPT UNPACKING pc=0x0000018f0004d72e sp=0x0000004d93efee20 mode 2

Classes unloaded (0 events):
No events

Classes redefined (0 events):
No events

Internal exceptions (20 events):
Event: 0.140 Thread 0x0000018f6e1ebc20 Exception <a 'sun/nio/fs/WindowsException'{0x0000000097e3ea58}> (0x0000000097e3ea58) 
thrown [t:\workspace\open\src\hotspot\share\prims\jni.cpp, line 579]
Event: 0.142 Thread 0x0000018f6e1ebc20 Exception <a 'sun/nio/fs/WindowsException'{0x0000000097e40fd0}> (0x0000000097e40fd0) 
thrown [t:\workspace\open\src\hotspot\share\prims\jni.cpp, line 579]
Event: 0.172 Thread 0x0000018f6e1ebc20 Exception <a 'java/lang/NoSuchMethodError'{0x0000000097ecf780}: 'void java.lang.invoke.DirectMethodHandle$Holder.invokeSpecial(java.lang.Object, java.lang.Object, java.lang.Object)'> (0x0000000097ecf780) 
thrown [t:\workspace\open\src\hotspot\share\interpreter\linkResolver.cpp, line 790]
Event: 0.185 Thread 0x0000018f6e1ebc20 Exception <a 'java/lang/ClassNotFoundException'{0x0000000097ee7108}: sun/awt/resources/spi/awtProvider> (0x0000000097ee7108) 
thrown [t:\workspace\open\src\hotspot\share\classfile\systemDictionary.cpp, line 256]
Event: 0.216 Thread 0x0000018f6e1ebc20 Exception <a 'java/io/FileNotFoundException'{0x0000000097d3be90}> (0x0000000097d3be90) 
thrown [t:\workspace\open\src\hotspot\share\prims\jni.cpp, line 579]
Event: 0.227 Thread 0x0000018f6e1ebc20 Exception <a 'java/io/FileNotFoundException'{0x0000000097d6a738}> (0x0000000097d6a738) 
thrown [t:\workspace\open\src\hotspot\share\prims\jni.cpp, line 579]
Event: 0.228 Thread 0x0000018f6e1ebc20 Exception <a 'java/lang/NoSuchMethodError'{0x0000000097d6b830}: 'java.lang.Object java.lang.invoke.DirectMethodHandle$Holder.invokeStatic(java.lang.Object)'> (0x0000000097d6b830) 
thrown [t:\workspace\open\src\hotspot\share\interpreter\linkResolver.cpp, line 790]
Event: 0.258 Thread 0x0000018f6e1ebc20 Exception <a 'java/lang/NoSuchMethodError'{0x0000000097dad478}: 'java.lang.Object java.lang.invoke.DirectMethodHandle$Holder.invokeStaticInit(java.lang.Object)'> (0x0000000097dad478) 
thrown [t:\workspace\open\src\hotspot\share\interpreter\linkResolver.cpp, line 790]
Event: 0.517 Thread 0x0000018f6e1ebc20 Exception <a 'java/lang/NoSuchMethodError'{0x000000009704e630}: 'java.lang.Object java.lang.invoke.DirectMethodHandle$Holder.newInvokeSpecial(java.lang.Object, java.lang.Object, java.lang.Object, java.lang.Object, java.lang.Object)'> (0x000000009704e630) 
thrown [t:\workspace\open\src\hotspot\share\interpreter\linkResolver.cpp, line 790]
Event: 0.520 Thread 0x0000018f6e1ebc20 Exception <a 'java/lang/NoSuchMethodError'{0x000000009705a118}: 'java.lang.Object java.lang.invoke.DirectMethodHandle$Holder.invokeStatic(java.lang.Object, int, java.lang.Object, java.lang.Object, java.lang.Object, java.lang.Object)'> (0x000000009705a118) 
thrown [t:\workspace\open\src\hotspot\share\interpreter\linkResolver.cpp, line 790]
Event: 0.528 Thread 0x0000018f6e1ebc20 Exception <a 'java/lang/NoSuchMethodError'{0x00000000970f6090}: 'java.lang.Object java.lang.invoke.DirectMethodHandle$Holder.invokeStatic(java.lang.Object, int, java.lang.Object)'> (0x00000000970f6090) 
thrown [t:\workspace\open\src\hotspot\share\interpreter\linkResolver.cpp, line 790]
Event: 0.569 Thread 0x0000018f6e1ebc20 Exception <a 'java/lang/ClassNotFoundException'{0x0000000096fb15b8}: com/sun/swing/internal/plaf/metal/resources/spi/metalProvider> (0x0000000096fb15b8) 
thrown [t:\workspace\open\src\hotspot\share\classfile\systemDictionary.cpp, line 256]
Event: 0.570 Thread 0x0000018f6e1ebc20 Exception <a 'java/lang/ClassNotFoundException'{0x0000000096fb5680}: com/sun/swing/internal/plaf/basic/resources/spi/basicProvider> (0x0000000096fb5680) 
thrown [t:\workspace\open\src\hotspot\share\classfile\systemDictionary.cpp, line 256]
Event: 0.747 Thread 0x0000018f6e1ebc20 Exception <a 'java/lang/NoSuchMethodError'{0x0000000096e201a8}: 'void java.lang.invoke.DirectMethodHandle$Holder.invokeStatic(java.lang.Object, java.lang.Object, java.lang.Object)'> (0x0000000096e201a8) 
thrown [t:\workspace\open\src\hotspot\share\interpreter\linkResolver.cpp, line 790]
Event: 0.749 Thread 0x0000018f6e1ebc20 Exception <a 'java/lang/NoSuchMethodError'{0x0000000096e26858}: 'void java.lang.invoke.DirectMethodHandle$Holder.invokeStatic(java.lang.Object, java.lang.Object)'> (0x0000000096e26858) 
thrown [t:\workspace\open\src\hotspot\share\interpreter\linkResolver.cpp, line 790]
Event: 0.771 Thread 0x0000018f7e5ba060 Exception <a 'java/lang/NoSuchMethodError'{0x0000000096efb7c0}: 'java.lang.Object java.lang.invoke.DirectMethodHandle$Holder.newInvokeSpecial(java.lang.Object, java.lang.Object, java.lang.Object, int, int, int, int, int)'> (0x0000000096efb7c0) 
thrown [t:\workspace\open\src\hotspot\share\interpreter\linkResolver.cpp, line 790]
Event: 0.826 Thread 0x0000018f6e1ebc20 Implicit null exception at 0x0000018f07af552f to 0x0000018f07af55ad
Event: 1.229 Thread 0x0000018f7d6a63a0 Exception <a 'java/lang/NoSuchMethodError'{0x0000000097085d70}: 'void java.lang.invoke.DirectMethodHandle$Holder.invokeVirtual(java.lang.Object, java.lang.Object)'> (0x0000000097085d70) 
thrown [t:\workspace\open\src\hotspot\share\interpreter\linkResolver.cpp, line 790]
Event: 1.252 Thread 0x0000018f6e1ebc20 Exception <a 'java/lang/NoSuchMethodError'{0x0000000096b13708}: 'void java.lang.invoke.DirectMethodHandle$Holder.invokeStaticInit(java.lang.Object)'> (0x0000000096b13708) 
thrown [t:\workspace\open\src\hotspot\share\interpreter\linkResolver.cpp, line 790]
Event: 2.498 Thread 0x0000018f7e59b3b0 Exception <a 'java/lang/NoSuchMethodError'{0x0000000096a86e98}: 'int java.lang.invoke.DirectMethodHandle$Holder.invokeStatic(java.lang.Object)'> (0x0000000096a86e98) 
thrown [t:\workspace\open\src\hotspot\share\interpreter\linkResolver.cpp, line 790]

Events (20 events):
Event: 133.381 Executing  VM operation: Cleanup
Event: 133.381 Executing  VM operation: Cleanup done
Event: 134.388 Executing  VM operation: Cleanup
Event: 134.388 Executing  VM operation: Cleanup done
Event: 135.397 Executing  VM operation: Cleanup
Event: 135.397 Executing  VM operation: Cleanup done
Event: 136.399 Executing  VM operation: Cleanup
Event: 136.399 Executing  VM operation: Cleanup done
Event: 137.402 Executing  VM operation: Cleanup
Event: 137.402 Executing  VM operation: Cleanup done
Event: 139.415 Executing  VM operation: Cleanup
Event: 139.415 Executing  VM operation: Cleanup done
Event: 140.420 Executing  VM operation: Cleanup
Event: 140.421 Executing  VM operation: Cleanup done
Event: 142.435 Executing  VM operation: Cleanup
Event: 142.435 Executing  VM operation: Cleanup done
Event: 290.606 loading class java/util/WeakHashMap$KeyIterator
Event: 290.607 loading class java/util/WeakHashMap$HashIterator
Event: 290.607 loading class java/util/WeakHashMap$HashIterator done
Event: 290.607 loading class java/util/WeakHashMap$KeyIterator done


Dynamic libraries:
0x00007ff6b3f10000 - 0x00007ff6b3f20000 	C:\Program Files\Java\jdk-16.0.2\bin\java.exe
0x00007ffee6010000 - 0x00007ffee6207000 	C:\Windows\SYSTEM32\ntdll.dll
0x00007ffee4c60000 - 0x00007ffee4d1d000 	C:\Windows\System32\KERNEL32.DLL
0x00007ffee3910000 - 0x00007ffee3c06000 	C:\Windows\System32\KERNELBASE.dll
0x00007ffee3d80000 - 0x00007ffee3e80000 	C:\Windows\System32\ucrtbase.dll
0x00007ffedbfe0000 - 0x00007ffedbff9000 	C:\Program Files\Java\jdk-16.0.2\bin\VCRUNTIME140.dll
0x00007ffedc000000 - 0x00007ffedc018000 	C:\Program Files\Java\jdk-16.0.2\bin\jli.dll
0x00007ffee4070000 - 0x00007ffee411e000 	C:\Windows\System32\ADVAPI32.dll
0x00007ffee4fe0000 - 0x00007ffee507e000 	C:\Windows\System32\msvcrt.dll
0x00007ffee5080000 - 0x00007ffee511c000 	C:\Windows\System32\sechost.dll
0x00007ffee4280000 - 0x00007ffee43a6000 	C:\Windows\System32\RPCRT4.dll
0x00007ffee5e30000 - 0x00007ffee5fce000 	C:\Windows\System32\USER32.dll
0x00007ffee38e0000 - 0x00007ffee3902000 	C:\Windows\System32\win32u.dll
0x00007ffecfb70000 - 0x00007ffecfe0a000 	C:\Windows\WinSxS\amd64_microsoft.windows.common-controls_6595b64144ccf1df_6.0.19041.3570_none_60bb2a3971f3e41a\COMCTL32.dll
0x00007ffee5340000 - 0x00007ffee536c000 	C:\Windows\System32\GDI32.dll
0x00007ffee37c0000 - 0x00007ffee38da000 	C:\Windows\System32\gdi32full.dll
0x00007ffee3720000 - 0x00007ffee37bd000 	C:\Windows\System32\msvcp_win.dll
0x00007ffed7280000 - 0x00007ffed728a000 	C:\Windows\SYSTEM32\VERSION.dll
0x00007ffee4a80000 - 0x00007ffee4ab0000 	C:\Windows\System32\IMM32.DLL
0x00007ffedda10000 - 0x00007ffedda1c000 	C:\Program Files\Java\jdk-16.0.2\bin\vcruntime140_1.dll
0x00007ffed2180000 - 0x00007ffed2211000 	C:\Program Files\Java\jdk-16.0.2\bin\msvcp140.dll
0x00007ffea4180000 - 0x00007ffea4d2b000 	C:\Program Files\Java\jdk-16.0.2\bin\server\jvm.dll
0x00007ffee4190000 - 0x00007ffee4198000 	C:\Windows\System32\PSAPI.DLL
0x00007ffed0cc0000 - 0x00007ffed0cc9000 	C:\Windows\SYSTEM32\WSOCK32.dll
0x00007ffee4120000 - 0x00007ffee418b000 	C:\Windows\System32\WS2_32.dll
0x00007ffee08a0000 - 0x00007ffee08c7000 	C:\Windows\SYSTEM32\WINMM.dll
0x00007ffee1ee0000 - 0x00007ffee1ef2000 	C:\Windows\SYSTEM32\kernel.appcore.dll
0x00007ffedc6c0000 - 0x00007ffedc6ca000 	C:\Program Files\Java\jdk-16.0.2\bin\jimage.dll
0x00007ffee1cd0000 - 0x00007ffee1eb4000 	C:\Windows\SYSTEM32\DBGHELP.DLL
0x00007ffed94b0000 - 0x00007ffed94e4000 	C:\Windows\SYSTEM32\dbgcore.DLL
0x00007ffee3e80000 - 0x00007ffee3f02000 	C:\Windows\System32\bcryptPrimitives.dll
0x00007ffedbbe0000 - 0x00007ffedbc05000 	C:\Program Files\Java\jdk-16.0.2\bin\java.dll
0x00007ffee5370000 - 0x00007ffee5ab4000 	C:\Windows\System32\SHELL32.dll
0x00007ffee1460000 - 0x00007ffee1bfb000 	C:\Windows\SYSTEM32\windows.storage.dll
0x00007ffee5ad0000 - 0x00007ffee5e24000 	C:\Windows\System32\combase.dll
0x00007ffee3060000 - 0x00007ffee308d000 	C:\Windows\SYSTEM32\Wldp.dll
0x00007ffee4d20000 - 0x00007ffee4dcd000 	C:\Windows\System32\SHCORE.dll
0x00007ffee51e0000 - 0x00007ffee5235000 	C:\Windows\System32\shlwapi.dll
0x00007ffee3620000 - 0x00007ffee3645000 	C:\Windows\SYSTEM32\profapi.dll
0x00007ffedb6f0000 - 0x00007ffedb709000 	C:\Program Files\Java\jdk-16.0.2\bin\net.dll
0x00007ffed9d60000 - 0x00007ffed9e6a000 	C:\Windows\SYSTEM32\WINHTTP.dll
0x00007ffee2dc0000 - 0x00007ffee2e2a000 	C:\Windows\system32\mswsock.dll
0x00007ffed7c10000 - 0x00007ffed7c23000 	C:\Program Files\Java\jdk-16.0.2\bin\nio.dll
0x00007ffeaa480000 - 0x00007ffeaa600000 	C:\Program Files\Java\jdk-16.0.2\bin\awt.dll
0x00007ffee4e80000 - 0x00007ffee4f4d000 	C:\Windows\System32\OLEAUT32.dll
0x00007ffee0590000 - 0x00007ffee0620000 	C:\Windows\SYSTEM32\apphelp.dll
0x00007ffedba90000 - 0x00007ffedbabd000 	C:\Program Files\Java\jdk-16.0.2\bin\javajpeg.dll
0x00007ffee0a30000 - 0x00007ffee0ace000 	C:\Windows\system32\uxtheme.dll
0x00007ffee43b0000 - 0x00007ffee44c4000 	C:\Windows\System32\MSCTF.dll
0x00007ffee4940000 - 0x00007ffee4a6b000 	C:\Windows\System32\ole32.dll
0x00007ffee0c30000 - 0x00007ffee0c5f000 	C:\Windows\system32\DWMAPI.DLL
0x00007ffec53b0000 - 0x00007ffec5439000 	C:\Program Files\Java\jdk-16.0.2\bin\freetype.dll
0x00007ffeaa090000 - 0x00007ffeaa186000 	C:\Program Files\Java\jdk-16.0.2\bin\harfbuzz.dll
0x00007ffedbdd0000 - 0x00007ffedbde2000 	C:\Program Files\Java\jdk-16.0.2\bin\fontmanager.dll
0x00007ffeb4000000 - 0x00007ffeb4125000 	C:\Windows\system32\opengl32.dll
0x00007ffed2150000 - 0x00007ffed217c000 	C:\Windows\SYSTEM32\GLU32.dll
0x00007ffeb57a0000 - 0x00007ffeb596d000 	C:\Windows\system32\d3d9.dll
0x00007ffed72d0000 - 0x00007ffed74ad000 	C:\Windows\System32\DriverStore\FileRepository\u0354681.inf_amd64_88c30b168e859074\B354291\aticfx64.dll
0x00007ffebb0e0000 - 0x00007ffebb110000 	C:\Windows\System32\DriverStore\FileRepository\u0354681.inf_amd64_88c30b168e859074\B354291\atiu9p64.dll
0x00007ffeafd30000 - 0x00007ffeb09fb000 	C:\Windows\System32\DriverStore\FileRepository\u0354681.inf_amd64_88c30b168e859074\B354291\atiumd64.dll
0x000000006add0000 - 0x000000006bb53000 	C:\Windows\System32\DriverStore\FileRepository\u0354681.inf_amd64_88c30b168e859074\B354291\atiumd6a.dll
0x00007ffee3550000 - 0x00007ffee359b000 	C:\Windows\SYSTEM32\POWRPROF.dll
0x00007ffee3530000 - 0x00007ffee3542000 	C:\Windows\SYSTEM32\UMPDC.dll
0x00007ffed80e0000 - 0x00007ffed811b000 	C:\Windows\SYSTEM32\dxcore.dll
0x00007ffee3c10000 - 0x00007ffee3c5e000 	C:\Windows\System32\cfgmgr32.dll
0x00007ffeca1a0000 - 0x00007ffeca250000 	C:\Windows\WinSxS\amd64_microsoft.windows.common-controls_6595b64144ccf1df_5.82.19041.3570_none_793094a72440f60b\comctl32.dll
0x00007ffee4dd0000 - 0x00007ffee4e79000 	C:\Windows\System32\clbcatq.dll
0x00007ffede880000 - 0x00007ffede976000 	C:\Windows\SYSTEM32\PROPSYS.dll
0x00007ffebcce0000 - 0x00007ffebccf7000 	C:\Windows\system32\NetworkExplorer.dll
0x00007ffecc620000 - 0x00007ffecc63d000 	C:\Windows\SYSTEM32\MPR.dll
0x00007ffebccb0000 - 0x00007ffebccd9000 	C:\Windows\System32\p9np.dll
0x00007ffedd6d0000 - 0x00007ffedd6db000 	C:\Windows\System32\drprov.dll
0x00007ffee33b0000 - 0x00007ffee340b000 	C:\Windows\System32\WINSTA.dll
0x00007ffebcc90000 - 0x00007ffebccaf000 	C:\Windows\System32\ntlanman.dll
0x00007ffebcc70000 - 0x00007ffebcc8e000 	C:\Windows\System32\davclnt.dll
0x00007ffedcf20000 - 0x00007ffedcf2d000 	C:\Windows\System32\DAVHLPR.dll
0x00007ffee2800000 - 0x00007ffee281b000 	C:\Windows\System32\wkscli.dll
0x00007ffedc940000 - 0x00007ffedc952000 	C:\Windows\SYSTEM32\cscapi.dll
0x00007ffee2bc0000 - 0x00007ffee2bcc000 	C:\Windows\System32\netutils.dll
0x00007ffeaeaa0000 - 0x00007ffeaeaf6000 	C:\Windows\System32\dlnashext.dll
0x00007ffec5460000 - 0x00007ffec54c4000 	C:\Windows\System32\PlayToDevice.dll
0x00007ffeca560000 - 0x00007ffeca580000 	C:\Windows\System32\DevDispItemProvider.dll
0x00007ffedc960000 - 0x00007ffedc9e5000 	C:\Windows\System32\MMDevApi.dll
0x00007ffee3410000 - 0x00007ffee3443000 	C:\Windows\System32\DEVOBJ.dll
0x00007ffeaabb0000 - 0x00007ffeaac51000 	C:\Windows\system32\wpdshext.dll
0x00007ffec18b0000 - 0x00007ffec1a55000 	C:\Windows\WinSxS\amd64_microsoft.windows.gdiplus_6595b64144ccf1df_1.1.19041.3570_none_91a61d1ecc865de8\gdiplus.dll
0x00007ffead0a0000 - 0x00007ffead143000 	C:\Windows\System32\PortableDeviceApi.dll
0x00007ffee44d0000 - 0x00007ffee493e000 	C:\Windows\System32\SETUPAPI.dll
0x00007ffee36f0000 - 0x00007ffee3717000 	C:\Windows\System32\bcrypt.dll
0x00007ffee3c60000 - 0x00007ffee3cc7000 	C:\Windows\System32\WINTRUST.dll
0x00007ffee3f10000 - 0x00007ffee406d000 	C:\Windows\System32\CRYPT32.dll
0x00007ffee31f0000 - 0x00007ffee3202000 	C:\Windows\System32\MSASN1.dll
0x00007ffebc360000 - 0x00007ffebc397000 	C:\Windows\System32\EhStorShell.dll
0x00007ffed81e0000 - 0x00007ffed8206000 	C:\Windows\System32\EhStorAPI.dll
0x00007ffede9e0000 - 0x00007ffede9f4000 	C:\Windows\System32\WTSAPI32.dll
0x00007ffeb51f0000 - 0x00007ffeb51fd000 	C:\Windows\SYSTEM32\LINKINFO.dll
0x00007ffed82c0000 - 0x00007ffed83ba000 	C:\Windows\SYSTEM32\textinputframework.dll
0x00007ffedfb40000 - 0x00007ffedfe9b000 	C:\Windows\System32\CoreUIComponents.dll
0x00007ffee0270000 - 0x00007ffee0362000 	C:\Windows\System32\CoreMessaging.dll
0x00007ffee27c0000 - 0x00007ffee27f3000 	C:\Windows\SYSTEM32\ntmarta.dll
0x00007ffedea00000 - 0x00007ffedeb55000 	C:\Windows\SYSTEM32\wintypes.dll
0x00007ffeda0c0000 - 0x00007ffeda274000 	C:\Windows\SYSTEM32\WindowsCodecs.dll
0x00007ffec39a0000 - 0x00007ffec39de000 	C:\Windows\system32\dataexchange.dll
0x00007ffee0620000 - 0x00007ffee0883000 	C:\Windows\system32\d3d11.dll
0x00007ffedf110000 - 0x00007ffedf2f3000 	C:\Windows\system32\dcomp.dll
0x00007ffee1f50000 - 0x00007ffee2043000 	C:\Windows\system32\dxgi.dll
0x00007ffedc100000 - 0x00007ffedc307000 	C:\Windows\system32\twinapi.appcore.dll
0x00007ffed7bf0000 - 0x00007ffed7c08000 	C:\Program Files\Java\jdk-16.0.2\bin\zip.dll

dbghelp: loaded successfully - version: 4.0.5 - missing functions: none
symbol engine: initialized successfully - sym options: 0x614 - pdb path: .;C:\Program Files\Java\jdk-16.0.2\bin;C:\Windows\SYSTEM32;C:\Windows\WinSxS\amd64_microsoft.windows.common-controls_6595b64144ccf1df_6.0.19041.3570_none_60bb2a3971f3e41a;C:\Program Files\Java\jdk-16.0.2\bin\server;C:\Windows\System32\DriverStore\FileRepository\u0354681.inf_amd64_88c30b168e859074\B354291;C:\Windows\WinSxS\amd64_microsoft.windows.common-controls_6595b64144ccf1df_5.82.19041.3570_none_793094a72440f60b;C:\Windows\WinSxS\amd64_microsoft.windows.gdiplus_6595b64144ccf1df_1.1.19041.3570_none_91a61d1ecc865de8

VM Arguments:
jvm_args: -Dfile.encoding=UTF-8 --module-path=C:\Users\poker\Documents\NetBeansProjects\GrafikaKomputerowaProjekt\build\classes 
java_command: grafikakomputerowaprojekt.GrafikaKomputerowaProjekt
java_class_path (initial): C:\Users\poker\Documents\NetBeansProjects\GrafikaKomputerowaProjekt\build\classes
Launcher Type: SUN_STANDARD

[Global flags]
     intx CICompilerCount                          = 4                                         {product} {ergonomic}
     uint ConcGCThreads                            = 2                                         {product} {ergonomic}
     uint G1ConcRefinementThreads                  = 8                                         {product} {ergonomic}
   size_t G1HeapRegionSize                         = 1048576                                   {product} {ergonomic}
    uintx GCDrainStackTargetSize                   = 64                                        {product} {ergonomic}
   size_t InitialHeapSize                          = 117440512                                 {product} {ergonomic}
   size_t MarkStackSize                            = 4194304                                   {product} {ergonomic}
   size_t MaxHeapSize                              = 1862270976                                {product} {ergonomic}
   size_t MaxNewSize                               = 1116733440                                {product} {ergonomic}
   size_t MinHeapDeltaBytes                        = 1048576                                   {product} {ergonomic}
   size_t MinHeapSize                              = 8388608                                   {product} {ergonomic}
    uintx NonNMethodCodeHeapSize                   = 5839372                                {pd product} {ergonomic}
    uintx NonProfiledCodeHeapSize                  = 122909434                              {pd product} {ergonomic}
    uintx ProfiledCodeHeapSize                     = 122909434                              {pd product} {ergonomic}
    uintx ReservedCodeCacheSize                    = 251658240                              {pd product} {ergonomic}
     bool SegmentedCodeCache                       = true                                      {product} {ergonomic}
   size_t SoftMaxHeapSize                          = 1862270976                             {manageable} {ergonomic}
     bool UseCompressedClassPointers               = true                           {product lp64_product} {ergonomic}
     bool UseCompressedOops                        = true                           {product lp64_product} {ergonomic}
     bool UseG1GC                                  = true                                      {product} {ergonomic}
     bool UseLargePagesIndividualAllocation        = false                                  {pd product} {ergonomic}

Logging:
Log output configuration:
 #0: stdout all=warning uptime,level,tags
 #1: stderr all=off uptime,level,tags

Environment Variables:
PATH=C:\Program Files\Common Files\Oracle\Java\javapath;C:\Windows\system32;C:\Windows;C:\Windows\System32\Wbem;C:\Windows\System32\WindowsPowerShell\v1.0\;C:\Windows\System32\OpenSSH\;C:\ProgramData\chocolatey\bin;C:\Program Files (x86)\Yarn\bin\;C:\Program Files\Git\cmd;D:\nodejs\;C:\Program Files\Microsoft SQL Server\150\Tools\Binn\;C:\Program Files\Microsoft SQL Server\Client SDK\ODBC\170\Tools\Binn\;C:\Program Files\dotnet\;C:\Program Files\MySQL\MySQL Shell 8.0\bin\;C:\Users\poker\AppData\Local\Programs\Python\Python37\Scripts\;C:\Users\poker\AppData\Local\Programs\Python\Python37\;D:\Python\Scripts\;D:\Python\;C:\Users\poker\AppData\Local\Microsoft\WindowsApps;;D:\Microsoft VS Code\bin;C:\tools\msys64;C:\Users\poker\AppData\Local\Yarn\bin;C:\Users\poker\AppData\Roaming\npm;D:\Quartus\modelsim_ase\win32aloem;C:\Users\poker\.dotnet\tools
USERNAME=poker
OS=Windows_NT
PROCESSOR_IDENTIFIER=AMD64 Family 23 Model 24 Stepping 1, AuthenticAMD



---------------  S Y S T E M  ---------------

OS:
 Windows 10 , 64 bit Build 19041 (10.0.19041.3570)
OS uptime: 7 days 20:52 hours
Hyper-V role detected

CPU: total 8 (initial active 8) (8 cores per cpu, 2 threads per core) family 23 model 24 stepping 1 microcode 0x0, cx8, cmov, fxsr, ht, mmx, 3dnowpref, sse, sse2, sse3, ssse3, sse4a, sse4.1, sse4.2, popcnt, lzcnt, tsc, tscinvbit, avx, avx2, aes, clmul, bmi1, bmi2, adx, sha, fma, vzeroupper, clflush, clflushopt, hv

Memory: 4k page, system-wide physical 7103M (859M free)
TotalPageFile size 17343M (AvailPageFile size 174M)
current process WorkingSet (physical memory assigned to process): 142M, peak: 153M
current process commit charge ("private bytes"): 295M, peak: 307M

vm_info: Java HotSpot(TM) 64-Bit Server VM (16.0.2+7-67) for windows-amd64 JRE (16.0.2+7-67), built on Jun  8 2021 23:24:19 by "mach5one" with MS VC++ 16.7 (VS2019)

END.
